<?xml version="1.0" encoding="UTF-8"?>
<testsuite name="com.yona.jhip.web.rest.util.PaginationUtilUnitTest" tests="1" skipped="0" failures="0" errors="0" timestamp="2017-12-09T16:29:31" hostname="Yonatans-MacBook-Pro.local" time="0.001">
  <properties/>
  <testcase name="generatePaginationHttpHeadersTest" classname="com.yona.jhip.web.rest.util.PaginationUtilUnitTest" time="0.001"/>
  <system-out><![CDATA[]]></system-out>
  <system-err><![CDATA[]]></system-err>
</testsuite>
