<?xml version="1.0" encoding="UTF-8"?>
<testsuite name="com.yona.jhip.security.SecurityUtilsUnitTest" tests="5" skipped="0" failures="0" errors="0" timestamp="2017-12-09T16:29:15" hostname="Yonatans-MacBook-Pro.local" time="0.024">
  <properties/>
  <testcase name="testIsCurrentUserInRole" classname="com.yona.jhip.security.SecurityUtilsUnitTest" time="0.023"/>
  <testcase name="testIsAuthenticated" classname="com.yona.jhip.security.SecurityUtilsUnitTest" time="0.001"/>
  <testcase name="testgetCurrentUserJWT" classname="com.yona.jhip.security.SecurityUtilsUnitTest" time="0.0"/>
  <testcase name="testgetCurrentUserLogin" classname="com.yona.jhip.security.SecurityUtilsUnitTest" time="0.0"/>
  <testcase name="testAnonymousIsNotAuthenticated" classname="com.yona.jhip.security.SecurityUtilsUnitTest" time="0.0"/>
  <system-out><![CDATA[]]></system-out>
  <system-err><![CDATA[]]></system-err>
</testsuite>
