<?xml version="1.0" encoding="UTF-8"?>
<testsuite name="com.yona.jhip.web.rest.ProfileInfoResourceIntTest" tests="3" skipped="0" failures="0" errors="0" timestamp="2017-12-09T16:29:28" hostname="Yonatans-MacBook-Pro.local" time="0.087">
  <properties/>
  <testcase name="getProfileInfoWithoutActiveProfiles" classname="com.yona.jhip.web.rest.ProfileInfoResourceIntTest" time="0.037"/>
  <testcase name="getProfileInfoWithoutRibbon" classname="com.yona.jhip.web.rest.ProfileInfoResourceIntTest" time="0.023"/>
  <testcase name="getProfileInfoWithRibbon" classname="com.yona.jhip.web.rest.ProfileInfoResourceIntTest" time="0.025"/>
  <system-out><![CDATA[]]></system-out>
  <system-err><![CDATA[]]></system-err>
</testsuite>
