<?xml version="1.0" encoding="UTF-8"?>
<testsuite name="com.yona.jhip.repository.CustomAuditEventRepositoryIntTest" tests="11" skipped="0" failures="0" errors="0" timestamp="2017-12-09T16:29:13" hostname="Yonatans-MacBook-Pro.local" time="1.195">
  <properties/>
  <testcase name="testFindByPrincipal" classname="com.yona.jhip.repository.CustomAuditEventRepositoryIntTest" time="0.93"/>
  <testcase name="testAddEventWithWebAuthenticationDetails" classname="com.yona.jhip.repository.CustomAuditEventRepositoryIntTest" time="0.026"/>
  <testcase name="testAddEventWithNullData" classname="com.yona.jhip.repository.CustomAuditEventRepositoryIntTest" time="0.016"/>
  <testcase name="addAuditEventTruncateLargeData" classname="com.yona.jhip.repository.CustomAuditEventRepositoryIntTest" time="0.029"/>
  <testcase name="addAuditEventWithAuthorizationFailureType" classname="com.yona.jhip.repository.CustomAuditEventRepositoryIntTest" time="0.016"/>
  <testcase name="findByPrincipalAndType" classname="com.yona.jhip.repository.CustomAuditEventRepositoryIntTest" time="0.037"/>
  <testcase name="addAuditEventWithAnonymousUser" classname="com.yona.jhip.repository.CustomAuditEventRepositoryIntTest" time="0.015"/>
  <testcase name="testFindAfter" classname="com.yona.jhip.repository.CustomAuditEventRepositoryIntTest" time="0.029"/>
  <testcase name="testFindByPrincipalIsNullAndAfterIsNull" classname="com.yona.jhip.repository.CustomAuditEventRepositoryIntTest" time="0.036"/>
  <testcase name="testFindByPrincipalNotNullAndAfterIsNull" classname="com.yona.jhip.repository.CustomAuditEventRepositoryIntTest" time="0.027"/>
  <testcase name="addAuditEvent" classname="com.yona.jhip.repository.CustomAuditEventRepositoryIntTest" time="0.02"/>
  <system-out><![CDATA[
        ██╗ ██╗   ██╗ ████████╗ ███████╗   ██████╗ ████████╗ ████████╗ ███████╗
        ██║ ██║   ██║ ╚══██╔══╝ ██╔═══██╗ ██╔════╝ ╚══██╔══╝ ██╔═════╝ ██╔═══██╗
        ██║ ████████║    ██║    ███████╔╝ ╚█████╗     ██║    ██████╗   ███████╔╝
  ██╗   ██║ ██╔═══██║    ██║    ██╔════╝   ╚═══██╗    ██║    ██╔═══╝   ██╔══██║
  ╚██████╔╝ ██║   ██║ ████████╗ ██║       ██████╔╝    ██║    ████████╗ ██║  ╚██╗
   ╚═════╝  ╚═╝   ╚═╝ ╚═══════╝ ╚═╝       ╚═════╝     ╚═╝    ╚═══════╝ ╚═╝   ╚═╝

:: JHipster ??  :: Running Spring Boot 1.5.7.RELEASE ::
:: http://www.jhipster.tech ::

2017-12-09 11:28:41.591  INFO 29161 --- [    Test worker] .y.j.r.CustomAuditEventRepositoryIntTest : No active profile set, falling back to default profiles: default
2017-12-09 11:28:50.634  INFO 29161 --- [    Test worker] c.yona.jhip.config.MetricsConfiguration  : Initializing Metrics Log reporting
2017-12-09 11:29:00.028  INFO 29161 --- [    Test worker] c.yona.jhip.config.LoggingConfiguration  : Initializing Logstash logging
2017-12-09 11:29:00.364  INFO 29161 --- [    Test worker] c.yona.jhip.config.LoggingConfiguration  : Filtering metrics logs from all appenders except the LOGSTASH appender
2017-12-09 11:29:07.957  WARN 29161 --- [    Test worker] c.n.c.sources.URLConfigurationSource     : No URLs will be polled as dynamic configuration sources.
2017-12-09 11:29:08.075  WARN 29161 --- [    Test worker] c.n.c.sources.URLConfigurationSource     : No URLs will be polled as dynamic configuration sources.
2017-12-09 11:29:13.384  INFO 29161 --- [    Test worker] .y.j.r.CustomAuditEventRepositoryIntTest : Started CustomAuditEventRepositoryIntTest in 57.986 seconds (JVM running for 73.317)
2017-12-09 11:29:14.427  WARN 29161 --- [    Test worker] c.y.j.r.CustomAuditEventRepository       : Event data for test-key too long (265) has been truncated to 255. Consider increasing column width.
]]></system-out>
  <system-err><![CDATA[]]></system-err>
</testsuite>
